<?xml version="1.0" encoding="UTF-8"?>
<testsuite name="com.example.springscheduler.component.ScheduledTasksTest" tests="1" skipped="0" failures="0" errors="0" timestamp="2024-10-09T18:45:45" hostname="NAL10-F2Z5L33" time="5.08">
  <properties/>
  <testcase name="reportCurrentTime()" classname="com.example.springscheduler.component.ScheduledTasksTest" time="5.08"/>
  <system-out><![CDATA[14:45:17.009 [Test worker] INFO org.springframework.test.context.support.AnnotationConfigContextLoaderUtils -- Could not detect default configuration classes for test class [com.example.springscheduler.component.ScheduledTasksTest]: ScheduledTasksTest does not declare any static, non-private, non-final, nested classes annotated with @Configuration.
14:45:18.470 [Test worker] INFO org.springframework.boot.test.context.SpringBootTestContextBootstrapper -- Found @SpringBootConfiguration com.example.springscheduler.SpringSchedulerApplication for test class com.example.springscheduler.component.ScheduledTasksTest

  .   ____          _            __ _ _
 /\\ / ___'_ __ _ _(_)_ __  __ _ \ \ \ \
( ( )\___ | '_ | '_| | '_ \/ _` | \ \ \ \
 \\/  ___)| |_)| | | | | || (_| |  ) ) ) )
  '  |____| .__|_| |_|_| |_\__, | / / / /
 =========|_|==============|___/=/_/_/_/

 :: Spring Boot ::                (v3.3.4)

2024-10-09T14:45:25.857-04:00  INFO 37956 --- [SpringScheduler] [    Test worker] c.e.s.component.ScheduledTasksTest       : Starting ScheduledTasksTest using Java 17.0.6 with PID 37956 (started by sivaraj in C:\SpringPractice\SpringScheduler\SpringScheduler)
2024-10-09T14:45:25.867-04:00  INFO 37956 --- [SpringScheduler] [    Test worker] c.e.s.component.ScheduledTasksTest       : No active profile set, falling back to 1 default profile: "default"
2024-10-09T14:45:45.697-04:00  INFO 37956 --- [SpringScheduler] [    Test worker] c.e.s.component.ScheduledTasksTest       : Started ScheduledTasksTest in 22.985 seconds (process running for 54.042)
2024-10-09T14:45:46.255-04:00  INFO 37956 --- [SpringScheduler] [   scheduling-1] c.e.s.component.ScheduledTasks           : The time is now 14:45:46
2024-10-09T14:45:50.606-04:00  INFO 37956 --- [SpringScheduler] [   scheduling-1] c.e.s.component.ScheduledTasks           : The time is now 14:45:50
]]></system-out>
  <system-err><![CDATA[]]></system-err>
</testsuite>
